2019-03-07 12:08:21.8842|DEBUG|CLex|MapReduceExecutor|Execution started|{"ExecutionId":"1f94113a-cd7d-4e46-b186-554488f19cf5","Main":"u64YECry3mm7nusY/iSGfH2rSD8lGwiDhqeZ04pROKE="}|97c4e6e2-40a3-11e9-a0ce-4c3488ea64a0
2019-03-07 12:08:21.8842|DEBUG|CLex|QueryCacheOperationVisitor|Visiting activity. Activity: u64YECry3mm7nusY/iSGfH2rSD8lGwiDhqeZ04pROKE=|97c4e6e2-40a3-11e9-a0ce-4c3488ea64a0
2019-03-07 12:08:21.9174|DEBUG|CLex|QueryCache|Build RDD|{"Operation":"GetFilesOperation","Reference":"","Tag":"8c0b7a97-de1e-4708-a23b-942060d7c414","ContextTag":"0","ParentContextTag":""}|97c4e6e2-40a3-11e9-a0ce-4c3488ea64a0
2019-03-07 12:08:21.9636|DEBUG|CLex|QueryCache|Cache added|{"Operation":"GetFilesOperation","Reference":"","Tag":"8c0b7a97-de1e-4708-a23b-942060d7c414","ContextTag":"0","ParentContextTag":""}|97c4e6e2-40a3-11e9-a0ce-4c3488ea64a0
2019-03-07 12:08:21.9636|DEBUG|CLex|QueryCache|Build RDD|{"Operation":"ReadFilesOperation","Reference":"","Tag":"b589047e-d33c-41bf-812e-c6cdccb467ff","ContextTag":"1","ParentContextTag":"0"}|97c4e6e2-40a3-11e9-a0ce-4c3488ea64a0
2019-03-07 12:08:21.9748|DEBUG|CLex|QueryCache|Cache added|{"Operation":"ReadFilesOperation","Reference":"","Tag":"b589047e-d33c-41bf-812e-c6cdccb467ff","ContextTag":"1","ParentContextTag":"0"}|97c4e6e2-40a3-11e9-a0ce-4c3488ea64a0
2019-03-07 12:08:21.9748|DEBUG|CLex|QueryCache|Build RDD|{"Operation":"SplitColumnOperation","Reference":"","Tag":"b589047e-d33c-41bf-812e-c6cdccb467ff","ContextTag":"2","ParentContextTag":"1"}|97c4e6e2-40a3-11e9-a0ce-4c3488ea64a0
2019-03-07 12:08:21.9748|DEBUG|CLex|QueryCache|Cache added|{"Operation":"SplitColumnOperation","Reference":"","Tag":"b589047e-d33c-41bf-812e-c6cdccb467ff","ContextTag":"2","ParentContextTag":"1"}|97c4e6e2-40a3-11e9-a0ce-4c3488ea64a0
2019-03-07 12:08:21.9748|DEBUG|CLex|QueryCache|Build RDD|{"Operation":"PromoteHeadersOperation","Reference":"","Tag":"b589047e-d33c-41bf-812e-c6cdccb467ff","ContextTag":"3","ParentContextTag":"2"}|97c4e6e2-40a3-11e9-a0ce-4c3488ea64a0
2019-03-07 12:08:21.9748|DEBUG|CLex|QueryCache|Cache added|{"Operation":"PromoteHeadersOperation","Reference":"","Tag":"b589047e-d33c-41bf-812e-c6cdccb467ff","ContextTag":"3","ParentContextTag":"2"}|97c4e6e2-40a3-11e9-a0ce-4c3488ea64a0
2019-03-07 12:08:21.9748|DEBUG|CLex|QueryCache|Build RDD|{"Operation":"RemoveColumnsOperation","Reference":"","Tag":"","ContextTag":"4","ParentContextTag":"3"}|97c4e6e2-40a3-11e9-a0ce-4c3488ea64a0
2019-03-07 12:08:22.0443|DEBUG|CLex|QueryCache|Cache added|{"Operation":"RemoveColumnsOperation","Reference":"","Tag":"","ContextTag":"4","ParentContextTag":"3"}|97c4e6e2-40a3-11e9-a0ce-4c3488ea64a0
2019-03-07 12:08:22.0443|DEBUG|CLex|QueryCache|Build RDD|{"Operation":"TakeOperation","Reference":"","Tag":"6439e796-07ab-4379-88e4-6b371a5f351d","ContextTag":"5","ParentContextTag":"4"}|97c4e6e2-40a3-11e9-a0ce-4c3488ea64a0
2019-03-07 12:08:22.0443|DEBUG|CLex|QueryCache|Cache added|{"Operation":"TakeOperation","Reference":"","Tag":"6439e796-07ab-4379-88e4-6b371a5f351d","ContextTag":"5","ParentContextTag":"4"}|97c4e6e2-40a3-11e9-a0ce-4c3488ea64a0
2019-03-07 12:08:22.0443|DEBUG|CLex|QueryCache|Build RDD|{"Operation":"WriteFilesOperation","Reference":"","Tag":"4935e614-2941-4dec-aa33-67c8fa43478a","ContextTag":"6","ParentContextTag":"5"}|97c4e6e2-40a3-11e9-a0ce-4c3488ea64a0
2019-03-07 12:08:22.1207|DEBUG|CLex|QueryCache|Cache added|{"Operation":"WriteFilesOperation","Reference":"","Tag":"4935e614-2941-4dec-aa33-67c8fa43478a","ContextTag":"6","ParentContextTag":"5"}|97c4e6e2-40a3-11e9-a0ce-4c3488ea64a0
2019-03-07 12:08:22.1207|DEBUG|CLex|MapReduceExecutor|Execution Succeeded|{"ExecutionId":"1f94113a-cd7d-4e46-b186-554488f19cf5","Main":"u64YECry3mm7nusY/iSGfH2rSD8lGwiDhqeZ04pROKE="}|97c4e6e2-40a3-11e9-a0ce-4c3488ea64a0
2019-03-07 12:08:40.8232|DEBUG|CLex|MapReduceExecutor|Execution started|{"ExecutionId":"8db04708-73e3-4040-8423-081742b1183a","Main":"WXEj6hiEv0+iYr7saEk1rcP/cgXJNWVA6wuF5qDVoHs="}|97c4e6e2-40a3-11e9-a0ce-4c3488ea64a0
2019-03-07 12:08:40.8232|DEBUG|CLex|QueryCacheOperationVisitor|Visiting activity. Activity: WXEj6hiEv0+iYr7saEk1rcP/cgXJNWVA6wuF5qDVoHs=|97c4e6e2-40a3-11e9-a0ce-4c3488ea64a0
2019-03-07 12:08:40.8232|DEBUG|CLex|QueryCache|Cache hit|{"Operation":"GetFilesOperation","Reference":"","Tag":"4022747b-b39f-4fec-b670-373b0cc4c55f","ContextTag":"0","ParentContextTag":""}|97c4e6e2-40a3-11e9-a0ce-4c3488ea64a0
2019-03-07 12:08:40.8232|DEBUG|CLex|QueryCache|Cache hit|{"Operation":"ReadFilesOperation","Reference":"","Tag":"30558031-8526-4aea-bc27-65a97b8a1090","ContextTag":"1","ParentContextTag":"0"}|97c4e6e2-40a3-11e9-a0ce-4c3488ea64a0
2019-03-07 12:08:40.8232|DEBUG|CLex|QueryCache|Cache hit|{"Operation":"SplitColumnOperation","Reference":"","Tag":"30558031-8526-4aea-bc27-65a97b8a1090","ContextTag":"2","ParentContextTag":"1"}|97c4e6e2-40a3-11e9-a0ce-4c3488ea64a0
2019-03-07 12:08:40.8232|DEBUG|CLex|QueryCache|Cache hit|{"Operation":"PromoteHeadersOperation","Reference":"","Tag":"30558031-8526-4aea-bc27-65a97b8a1090","ContextTag":"3","ParentContextTag":"2"}|97c4e6e2-40a3-11e9-a0ce-4c3488ea64a0
2019-03-07 12:08:40.8232|DEBUG|CLex|QueryCache|Cache hit|{"Operation":"RemoveColumnsOperation","Reference":"","Tag":"","ContextTag":"4","ParentContextTag":"3"}|97c4e6e2-40a3-11e9-a0ce-4c3488ea64a0
2019-03-07 12:08:40.8232|DEBUG|CLex|QueryCache|Cache hit|{"Operation":"TakeOperation","Reference":"","Tag":"4d0f0942-dac2-4ed6-bec2-6a26649b8e92","ContextTag":"5","ParentContextTag":"4"}|97c4e6e2-40a3-11e9-a0ce-4c3488ea64a0
2019-03-07 12:08:40.8232|DEBUG|CLex|QueryCache|Build RDD|{"Operation":"WriteFilesOperation","Reference":"","Tag":"f1ac3980-d0ea-4d97-b372-db732f636191","ContextTag":"7","ParentContextTag":"5"}|97c4e6e2-40a3-11e9-a0ce-4c3488ea64a0
2019-03-07 12:08:40.8425|DEBUG|CLex|QueryCache|Cache added|{"Operation":"WriteFilesOperation","Reference":"","Tag":"f1ac3980-d0ea-4d97-b372-db732f636191","ContextTag":"7","ParentContextTag":"5"}|97c4e6e2-40a3-11e9-a0ce-4c3488ea64a0
2019-03-07 12:08:40.8425|DEBUG|CLex|MapReduceExecutor|Execution Succeeded|{"ExecutionId":"8db04708-73e3-4040-8423-081742b1183a","Main":"WXEj6hiEv0+iYr7saEk1rcP/cgXJNWVA6wuF5qDVoHs="}|97c4e6e2-40a3-11e9-a0ce-4c3488ea64a0
